 - - [18/Apr/2019:05:42:17 +0000] "GET / HTTP/1.0" 200 287 "-" "Mozilla/5.0 (Windows NT 10.0; Win64; x64) AppleWebKit/537.36 (KHTML, like Gecko) Chrome/73.0.3683.103 Safari/537.36"
 - - [18/Apr/2019:05:42:17 +0000] "GET /favicon.ico HTTP/1.0" 404 232 "http://ec2-34-203-209-171.compute-1.amazonaws.com/" "Mozilla/5.0 (Windows NT 10.0; Win64; x64) AppleWebKit/537.36 (KHTML, like Gecko) Chrome/73.0.3683.103 Safari/537.36"
 - - [18/Apr/2019:05:42:25 +0000] "POST / HTTP/1.0" 200 394 "http://ec2-34-203-209-171.compute-1.amazonaws.com/" "Mozilla/5.0 (Windows NT 10.0; Win64; x64) AppleWebKit/537.36 (KHTML, like Gecko) Chrome/73.0.3683.103 Safari/537.36"
 - - [18/Apr/2019:05:51:47 +0000] "GET / HTTP/1.0" 200 287 "-" "Mozilla/5.0 (Windows NT 10.0; Win64; x64) AppleWebKit/537.36 (KHTML, like Gecko) Chrome/73.0.3683.103 Safari/537.36"
 - - [18/Apr/2019:05:52:00 +0000] "POST / HTTP/1.0" 500 290 "http://ec2-34-203-209-171.compute-1.amazonaws.com/" "Mozilla/5.0 (Windows NT 10.0; Win64; x64) AppleWebKit/537.36 (KHTML, like Gecko) Chrome/73.0.3683.103 Safari/537.36"
 - - [18/Apr/2019:06:12:49 +0000] "GET / HTTP/1.0" 200 287 "-" "Mozilla/5.0 (Windows NT 10.0; Win64; x64) AppleWebKit/537.36 (KHTML, like Gecko) Chrome/73.0.3683.103 Safari/537.36"
 - - [18/Apr/2019:06:12:56 +0000] "POST / HTTP/1.0" 200 401 "http://ec2-34-203-209-171.compute-1.amazonaws.com/" "Mozilla/5.0 (Windows NT 10.0; Win64; x64) AppleWebKit/537.36 (KHTML, like Gecko) Chrome/73.0.3683.103 Safari/537.36"
 - - [18/Apr/2019:06:14:47 +0000] "GET / HTTP/1.0" 200 287 "-" "Mozilla/5.0 (Windows NT 10.0; Win64; x64) AppleWebKit/537.36 (KHTML, like Gecko) Chrome/73.0.3683.103 Safari/537.36"
 - - [18/Apr/2019:06:14:49 +0000] "POST / HTTP/1.0" 302 307 "http://ec2-34-203-209-171.compute-1.amazonaws.com/" "Mozilla/5.0 (Windows NT 10.0; Win64; x64) AppleWebKit/537.36 (KHTML, like Gecko) Chrome/73.0.3683.103 Safari/537.36"
 - - [18/Apr/2019:06:14:49 +0000] "GET / HTTP/1.0" 200 287 "http://ec2-34-203-209-171.compute-1.amazonaws.com/" "Mozilla/5.0 (Windows NT 10.0; Win64; x64) AppleWebKit/537.36 (KHTML, like Gecko) Chrome/73.0.3683.103 Safari/537.36"
 - - [18/Apr/2019:06:14:51 +0000] "POST / HTTP/1.0" 302 307 "http://ec2-34-203-209-171.compute-1.amazonaws.com/" "Mozilla/5.0 (Windows NT 10.0; Win64; x64) AppleWebKit/537.36 (KHTML, like Gecko) Chrome/73.0.3683.103 Safari/537.36"
 - - [18/Apr/2019:06:14:51 +0000] "GET / HTTP/1.0" 200 287 "http://ec2-34-203-209-171.compute-1.amazonaws.com/" "Mozilla/5.0 (Windows NT 10.0; Win64; x64) AppleWebKit/537.36 (KHTML, like Gecko) Chrome/73.0.3683.103 Safari/537.36"
 - - [18/Apr/2019:06:14:56 +0000] "POST / HTTP/1.0" 200 245 "http://ec2-34-203-209-171.compute-1.amazonaws.com/" "Mozilla/5.0 (Windows NT 10.0; Win64; x64) AppleWebKit/537.36 (KHTML, like Gecko) Chrome/73.0.3683.103 Safari/537.36"
 - - [18/Apr/2019:06:15:27 +0000] "GET / HTTP/1.0" 200 287 "-" "Mozilla/5.0 (iPhone; CPU iPhone OS 12_2 like Mac OS X) AppleWebKit/605.1.15 (KHTML, like Gecko) Version/12.1 Mobile/15E148 Safari/604.1"
 - - [18/Apr/2019:06:35:12 +0000] "GET / HTTP/1.0" 200 287 "-" "Mozilla/5.0 (iPhone; CPU iPhone OS 12_2 like Mac OS X) AppleWebKit/605.1.15 (KHTML, like Gecko) Version/12.1 Mobile/15E148 Safari/604.1"
 - - [18/Apr/2019:06:36:35 +0000] "GET / HTTP/1.0" 200 287 "-" "Mozilla/5.0 (Windows NT 10.0; Win64; x64) AppleWebKit/537.36 (KHTML, like Gecko) Chrome/73.0.3683.103 Safari/537.36"
 - - [18/Apr/2019:06:36:36 +0000] "GET /favicon.ico HTTP/1.0" 404 232 "http://ec2-34-203-209-171.compute-1.amazonaws.com/" "Mozilla/5.0 (Windows NT 10.0; Win64; x64) AppleWebKit/537.36 (KHTML, like Gecko) Chrome/73.0.3683.103 Safari/537.36"
 - - [18/Apr/2019:06:37:09 +0000] "GET / HTTP/1.0" 200 287 "-" "Mozilla/5.0 (Windows NT 10.0; Win64; x64) AppleWebKit/537.36 (KHTML, like Gecko) Chrome/73.0.3683.103 Safari/537.36"
 - - [18/Apr/2019:06:37:33 +0000] "POST / HTTP/1.0" 200 227 "http://ec2-34-203-209-171.compute-1.amazonaws.com/" "Mozilla/5.0 (Windows NT 10.0; Win64; x64) AppleWebKit/537.36 (KHTML, like Gecko) Chrome/73.0.3683.103 Safari/537.36"
 - - [18/Apr/2019:06:37:40 +0000] "GET / HTTP/1.0" 200 287 "-" "Mozilla/5.0 (Windows NT 10.0; Win64; x64) AppleWebKit/537.36 (KHTML, like Gecko) Chrome/73.0.3683.103 Safari/537.36"
 - - [18/Apr/2019:06:38:03 +0000] "POST / HTTP/1.0" 200 313 "http://ec2-34-203-209-171.compute-1.amazonaws.com/" "Mozilla/5.0 (Windows NT 10.0; Win64; x64) AppleWebKit/537.36 (KHTML, like Gecko) Chrome/73.0.3683.103 Safari/537.36"
 - - [18/Apr/2019:06:38:41 +0000] "GET / HTTP/1.0" 200 287 "-" "Mozilla/5.0 (Windows NT 10.0; Win64; x64) AppleWebKit/537.36 (KHTML, like Gecko) Chrome/73.0.3683.103 Safari/537.36"
 - - [18/Apr/2019:06:38:53 +0000] "POST / HTTP/1.0" 200 221 "http://ec2-34-203-209-171.compute-1.amazonaws.com/" "Mozilla/5.0 (Windows NT 10.0; Win64; x64) AppleWebKit/537.36 (KHTML, like Gecko) Chrome/73.0.3683.103 Safari/537.36"
 - - [18/Apr/2019:06:38:57 +0000] "GET / HTTP/1.0" 200 287 "-" "Mozilla/5.0 (Windows NT 10.0; Win64; x64) AppleWebKit/537.36 (KHTML, like Gecko) Chrome/73.0.3683.103 Safari/537.36"
 - - [18/Apr/2019:06:39:07 +0000] "POST / HTTP/1.0" 200 320 "http://ec2-34-203-209-171.compute-1.amazonaws.com/" "Mozilla/5.0 (Windows NT 10.0; Win64; x64) AppleWebKit/537.36 (KHTML, like Gecko) Chrome/73.0.3683.103 Safari/537.36"
 - - [18/Apr/2019:06:39:11 +0000] "GET / HTTP/1.0" 200 287 "-" "Mozilla/5.0 (Windows NT 10.0; Win64; x64) AppleWebKit/537.36 (KHTML, like Gecko) Chrome/73.0.3683.103 Safari/537.36"
 - - [18/Apr/2019:06:39:35 +0000] "POST / HTTP/1.0" 200 245 "http://ec2-34-203-209-171.compute-1.amazonaws.com/" "Mozilla/5.0 (Windows NT 10.0; Win64; x64) AppleWebKit/537.36 (KHTML, like Gecko) Chrome/73.0.3683.103 Safari/537.36"
 - - [18/Apr/2019:06:39:40 +0000] "GET / HTTP/1.0" 200 287 "-" "Mozilla/5.0 (Windows NT 10.0; Win64; x64) AppleWebKit/537.36 (KHTML, like Gecko) Chrome/73.0.3683.103 Safari/537.36"
 - - [18/Apr/2019:06:40:05 +0000] "POST / HTTP/1.0" 200 266 "http://ec2-34-203-209-171.compute-1.amazonaws.com/" "Mozilla/5.0 (Windows NT 10.0; Win64; x64) AppleWebKit/537.36 (KHTML, like Gecko) Chrome/73.0.3683.103 Safari/537.36"
 - - [18/Apr/2019:06:40:11 +0000] "GET / HTTP/1.0" 200 287 "-" "Mozilla/5.0 (Windows NT 10.0; Win64; x64) AppleWebKit/537.36 (KHTML, like Gecko) Chrome/73.0.3683.103 Safari/537.36"
 - - [18/Apr/2019:06:40:30 +0000] "POST / HTTP/1.0" 200 206 "http://ec2-34-203-209-171.compute-1.amazonaws.com/" "Mozilla/5.0 (Windows NT 10.0; Win64; x64) AppleWebKit/537.36 (KHTML, like Gecko) Chrome/73.0.3683.103 Safari/537.36"
 - - [18/Apr/2019:08:12:51 +0000] "GET /robots.txt HTTP/1.0" 404 232 "-" "Mozilla/5.0 (compatible; AhrefsBot/6.1; +http://ahrefs.com/robot/)"
 - - [18/Apr/2019:19:08:23 +0000] "GET / HTTP/1.0" 200 287 "-" "Mozilla/5.0 (Windows NT 10.0; Win64; x64) AppleWebKit/537.36 (KHTML, like Gecko) Chrome/73.0.3683.103 Safari/537.36"
 - - [18/Apr/2019:19:08:23 +0000] "GET /favicon.ico HTTP/1.0" 404 232 "http://ec2-34-203-209-171.compute-1.amazonaws.com/" "Mozilla/5.0 (Windows NT 10.0; Win64; x64) AppleWebKit/537.36 (KHTML, like Gecko) Chrome/73.0.3683.103 Safari/537.36"
 - - [18/Apr/2019:19:08:30 +0000] "POST / HTTP/1.0" 200 420 "http://ec2-34-203-209-171.compute-1.amazonaws.com/" "Mozilla/5.0 (Windows NT 10.0; Win64; x64) AppleWebKit/537.36 (KHTML, like Gecko) Chrome/73.0.3683.103 Safari/537.36"
 - - [18/Apr/2019:19:09:32 +0000] "POST / HTTP/1.0" 200 420 "http://ec2-34-203-209-171.compute-1.amazonaws.com/" "Mozilla/5.0 (Windows NT 10.0; Win64; x64) AppleWebKit/537.36 (KHTML, like Gecko) Chrome/73.0.3683.103 Safari/537.36"
 - - [18/Apr/2019:19:09:35 +0000] "GET / HTTP/1.0" 200 268 "-" "Mozilla/5.0 (Windows NT 10.0; Win64; x64) AppleWebKit/537.36 (KHTML, like Gecko) Chrome/73.0.3683.103 Safari/537.36"
 - - [18/Apr/2019:19:09:42 +0000] "POST / HTTP/1.0" 200 420 "http://ec2-34-203-209-171.compute-1.amazonaws.com/" "Mozilla/5.0 (Windows NT 10.0; Win64; x64) AppleWebKit/537.36 (KHTML, like Gecko) Chrome/73.0.3683.103 Safari/537.36"
 - - [18/Apr/2019:19:51:11 +0000] "GET / HTTP/1.0" 200 268 "-" "Mozilla/5.0 (Windows NT 10.0; Win64; x64) AppleWebKit/537.36 (KHTML, like Gecko) Chrome/73.0.3683.103 Safari/537.36"
 - - [18/Apr/2019:19:53:24 +0000] "GET / HTTP/1.0" 200 268 "-" "Mozilla/5.0 (Windows NT 10.0; Win64; x64) AppleWebKit/537.36 (KHTML, like Gecko) Chrome/73.0.3683.103 Safari/537.36"
 - - [18/Apr/2019:19:53:42 +0000] "GET / HTTP/1.0" 200 268 "-" "Mozilla/5.0 (Windows NT 10.0; Win64; x64) AppleWebKit/537.36 (KHTML, like Gecko) Chrome/73.0.3683.103 Safari/537.36"
 - - [18/Apr/2019:20:12:31 +0000] "GET / HTTP/1.0" 200 268 "-" "Mozilla/5.0 (Windows NT 10.0; Win64; x64) AppleWebKit/537.36 (KHTML, like Gecko) Chrome/73.0.3683.103 Safari/537.36"
 - - [18/Apr/2019:20:12:37 +0000] "POST / HTTP/1.0" 200 420 "http://ec2-34-203-209-171.compute-1.amazonaws.com/" "Mozilla/5.0 (Windows NT 10.0; Win64; x64) AppleWebKit/537.36 (KHTML, like Gecko) Chrome/73.0.3683.103 Safari/537.36"
 - - [18/Apr/2019:20:14:26 +0000] "GET / HTTP/1.0" 200 268 "-" "Mozilla/5.0 (Windows NT 10.0; Win64; x64) AppleWebKit/537.36 (KHTML, like Gecko) Chrome/73.0.3683.103 Safari/537.36"
 - - [18/Apr/2019:20:16:05 +0000] "GET / HTTP/1.0" 200 268 "-" "Mozilla/5.0 (Windows NT 10.0; Win64; x64) AppleWebKit/537.36 (KHTML, like Gecko) Chrome/73.0.3683.103 Safari/537.36"
 - - [18/Apr/2019:20:16:13 +0000] "POST / HTTP/1.0" 200 217 "http://ec2-34-203-209-171.compute-1.amazonaws.com/" "Mozilla/5.0 (Windows NT 10.0; Win64; x64) AppleWebKit/537.36 (KHTML, like Gecko) Chrome/73.0.3683.103 Safari/537.36"
 - - [18/Apr/2019:20:16:34 +0000] "POST / HTTP/1.0" 200 217 "http://ec2-34-203-209-171.compute-1.amazonaws.com/" "Mozilla/5.0 (Windows NT 10.0; Win64; x64) AppleWebKit/537.36 (KHTML, like Gecko) Chrome/73.0.3683.103 Safari/537.36"
 - - [18/Apr/2019:20:16:38 +0000] "GET / HTTP/1.0" 200 268 "-" "Mozilla/5.0 (Windows NT 10.0; Win64; x64) AppleWebKit/537.36 (KHTML, like Gecko) Chrome/73.0.3683.103 Safari/537.36"
 - - [18/Apr/2019:20:16:44 +0000] "POST / HTTP/1.0" 200 217 "http://ec2-34-203-209-171.compute-1.amazonaws.com/" "Mozilla/5.0 (Windows NT 10.0; Win64; x64) AppleWebKit/537.36 (KHTML, like Gecko) Chrome/73.0.3683.103 Safari/537.36"
 - - [18/Apr/2019:20:16:46 +0000] "GET / HTTP/1.0" 200 268 "-" "Mozilla/5.0 (Windows NT 10.0; Win64; x64) AppleWebKit/537.36 (KHTML, like Gecko) Chrome/73.0.3683.103 Safari/537.36"
 - - [18/Apr/2019:20:16:52 +0000] "POST / HTTP/1.0" 200 231 "http://ec2-34-203-209-171.compute-1.amazonaws.com/" "Mozilla/5.0 (Windows NT 10.0; Win64; x64) AppleWebKit/537.36 (KHTML, like Gecko) Chrome/73.0.3683.103 Safari/537.36"
 - - [18/Apr/2019:20:17:59 +0000] "GET / HTTP/1.0" 200 268 "-" "Mozilla/5.0 (Windows NT 10.0; Win64; x64) AppleWebKit/537.36 (KHTML, like Gecko) Chrome/73.0.3683.103 Safari/537.36"
 - - [18/Apr/2019:20:18:05 +0000] "POST / HTTP/1.0" 200 210 "http://ec2-34-203-209-171.compute-1.amazonaws.com/" "Mozilla/5.0 (Windows NT 10.0; Win64; x64) AppleWebKit/537.36 (KHTML, like Gecko) Chrome/73.0.3683.103 Safari/537.36"
 - - [18/Apr/2019:20:19:28 +0000] "GET / HTTP/1.0" 200 268 "-" "Mozilla/5.0 (Windows NT 10.0; Win64; x64; rv:66.0) Gecko/20100101 Firefox/66.0"
 - - [18/Apr/2019:20:19:28 +0000] "GET /favicon.ico HTTP/1.0" 404 232 "-" "Mozilla/5.0 (Windows NT 10.0; Win64; x64; rv:66.0) Gecko/20100101 Firefox/66.0"
 - - [18/Apr/2019:20:19:37 +0000] "POST / HTTP/1.0" 200 201 "http://ec2-34-203-209-171.compute-1.amazonaws.com/" "Mozilla/5.0 (Windows NT 10.0; Win64; x64; rv:66.0) Gecko/20100101 Firefox/66.0"
 - - [18/Apr/2019:20:20:31 +0000] "POST / HTTP/1.0" 200 228 "http://ec2-34-203-209-171.compute-1.amazonaws.com/" "Mozilla/5.0 (Windows NT 10.0; Win64; x64; rv:66.0) Gecko/20100101 Firefox/66.0"
 - - [18/Apr/2019:20:20:47 +0000] "POST / HTTP/1.0" 200 234 "http://ec2-34-203-209-171.compute-1.amazonaws.com/" "Mozilla/5.0 (Windows NT 10.0; Win64; x64; rv:66.0) Gecko/20100101 Firefox/66.0"
 - - [18/Apr/2019:20:21:26 +0000] "POST / HTTP/1.0" 200 234 "http://ec2-34-203-209-171.compute-1.amazonaws.com/" "Mozilla/5.0 (Windows NT 10.0; Win64; x64; rv:66.0) Gecko/20100101 Firefox/66.0"
 - - [18/Apr/2019:20:21:37 +0000] "POST / HTTP/1.0" 200 285 "http://ec2-34-203-209-171.compute-1.amazonaws.com/" "Mozilla/5.0 (Windows NT 10.0; Win64; x64; rv:66.0) Gecko/20100101 Firefox/66.0"
 - - [18/Apr/2019:20:21:54 +0000] "POST / HTTP/1.0" 200 209 "http://ec2-34-203-209-171.compute-1.amazonaws.com/" "Mozilla/5.0 (Windows NT 10.0; Win64; x64; rv:66.0) Gecko/20100101 Firefox/66.0"
 - - [18/Apr/2019:20:24:23 +0000] "POST / HTTP/1.0" 200 209 "http://ec2-34-203-209-171.compute-1.amazonaws.com/" "Mozilla/5.0 (Windows NT 10.0; Win64; x64; rv:66.0) Gecko/20100101 Firefox/66.0"
 - - [18/Apr/2019:20:24:29 +0000] "GET / HTTP/1.0" 200 268 "-" "Mozilla/5.0 (Windows NT 10.0; Win64; x64; rv:66.0) Gecko/20100101 Firefox/66.0"
 - - [18/Apr/2019:20:24:35 +0000] "POST / HTTP/1.0" 302 307 "http://ec2-34-203-209-171.compute-1.amazonaws.com/" "Mozilla/5.0 (Windows NT 10.0; Win64; x64; rv:66.0) Gecko/20100101 Firefox/66.0"
 - - [18/Apr/2019:20:24:35 +0000] "GET / HTTP/1.0" 200 268 "http://ec2-34-203-209-171.compute-1.amazonaws.com/" "Mozilla/5.0 (Windows NT 10.0; Win64; x64; rv:66.0) Gecko/20100101 Firefox/66.0"
 - - [18/Apr/2019:20:24:37 +0000] "POST / HTTP/1.0" 302 307 "http://ec2-34-203-209-171.compute-1.amazonaws.com/" "Mozilla/5.0 (Windows NT 10.0; Win64; x64; rv:66.0) Gecko/20100101 Firefox/66.0"
 - - [18/Apr/2019:20:24:37 +0000] "GET / HTTP/1.0" 200 268 "http://ec2-34-203-209-171.compute-1.amazonaws.com/" "Mozilla/5.0 (Windows NT 10.0; Win64; x64; rv:66.0) Gecko/20100101 Firefox/66.0"
 - - [18/Apr/2019:20:26:03 +0000] "GET / HTTP/1.0" 200 268 "-" "Mozilla/5.0 (Windows NT 10.0; Win64; x64) AppleWebKit/537.36 (KHTML, like Gecko) Chrome/73.0.3683.103 Safari/537.36"
 - - [18/Apr/2019:20:26:05 +0000] "POST / HTTP/1.0" 302 307 "http://ec2-34-203-209-171.compute-1.amazonaws.com/" "Mozilla/5.0 (Windows NT 10.0; Win64; x64) AppleWebKit/537.36 (KHTML, like Gecko) Chrome/73.0.3683.103 Safari/537.36"
 - - [18/Apr/2019:20:26:05 +0000] "GET / HTTP/1.0" 200 268 "http://ec2-34-203-209-171.compute-1.amazonaws.com/" "Mozilla/5.0 (Windows NT 10.0; Win64; x64) AppleWebKit/537.36 (KHTML, like Gecko) Chrome/73.0.3683.103 Safari/537.36"
 - - [18/Apr/2019:20:26:06 +0000] "POST / HTTP/1.0" 302 307 "http://ec2-34-203-209-171.compute-1.amazonaws.com/" "Mozilla/5.0 (Windows NT 10.0; Win64; x64) AppleWebKit/537.36 (KHTML, like Gecko) Chrome/73.0.3683.103 Safari/537.36"
 - - [18/Apr/2019:20:26:07 +0000] "GET / HTTP/1.0" 200 268 "http://ec2-34-203-209-171.compute-1.amazonaws.com/" "Mozilla/5.0 (Windows NT 10.0; Win64; x64) AppleWebKit/537.36 (KHTML, like Gecko) Chrome/73.0.3683.103 Safari/537.36"
 - - [18/Apr/2019:20:26:16 +0000] "POST / HTTP/1.0" 200 268 "http://ec2-34-203-209-171.compute-1.amazonaws.com/" "Mozilla/5.0 (Windows NT 10.0; Win64; x64) AppleWebKit/537.36 (KHTML, like Gecko) Chrome/73.0.3683.103 Safari/537.36"
 - - [18/Apr/2019:20:26:31 +0000] "POST / HTTP/1.0" 200 213 "http://ec2-34-203-209-171.compute-1.amazonaws.com/" "Mozilla/5.0 (Windows NT 10.0; Win64; x64) AppleWebKit/537.36 (KHTML, like Gecko) Chrome/73.0.3683.103 Safari/537.36"
 - - [18/Apr/2019:20:26:57 +0000] "POST / HTTP/1.0" 200 201 "http://ec2-34-203-209-171.compute-1.amazonaws.com/" "Mozilla/5.0 (Windows NT 10.0; Win64; x64; rv:66.0) Gecko/20100101 Firefox/66.0"
 - - [18/Apr/2019:20:27:02 +0000] "POST / HTTP/1.0" 200 228 "http://ec2-34-203-209-171.compute-1.amazonaws.com/" "Mozilla/5.0 (Windows NT 10.0; Win64; x64) AppleWebKit/537.36 (KHTML, like Gecko) Chrome/73.0.3683.103 Safari/537.36"
 - - [18/Apr/2019:20:27:13 +0000] "POST / HTTP/1.0" 200 225 "http://ec2-34-203-209-171.compute-1.amazonaws.com/" "Mozilla/5.0 (Windows NT 10.0; Win64; x64) AppleWebKit/537.36 (KHTML, like Gecko) Chrome/73.0.3683.103 Safari/537.36"
 - - [18/Apr/2019:20:27:14 +0000] "GET / HTTP/1.0" 200 268 "http://ec2-34-203-209-171.compute-1.amazonaws.com/" "Mozilla/5.0 (Windows NT 10.0; Win64; x64) AppleWebKit/537.36 (KHTML, like Gecko) Chrome/73.0.3683.103 Safari/537.36"
 - - [18/Apr/2019:20:30:26 +0000] "POST / HTTP/1.0" 200 228 "http://ec2-34-203-209-171.compute-1.amazonaws.com/" "Mozilla/5.0 (Windows NT 10.0; Win64; x64; rv:66.0) Gecko/20100101 Firefox/66.0"
 - - [18/Apr/2019:20:38:52 +0000] "POST / HTTP/1.0" 302 307 "http://ec2-34-203-209-171.compute-1.amazonaws.com/" "Mozilla/5.0 (Windows NT 10.0; Win64; x64; rv:66.0) Gecko/20100101 Firefox/66.0"
 - - [18/Apr/2019:20:38:52 +0000] "GET / HTTP/1.0" 200 268 "http://ec2-34-203-209-171.compute-1.amazonaws.com/" "Mozilla/5.0 (Windows NT 10.0; Win64; x64; rv:66.0) Gecko/20100101 Firefox/66.0"
 - - [18/Apr/2019:20:38:52 +0000] "GET /favicon.ico HTTP/1.0" 404 232 "-" "Mozilla/5.0 (Windows NT 10.0; Win64; x64; rv:66.0) Gecko/20100101 Firefox/66.0"
 - - [18/Apr/2019:20:39:31 +0000] "POST / HTTP/1.0" 200 252 "http://ec2-34-203-209-171.compute-1.amazonaws.com/" "Mozilla/5.0 (Windows NT 10.0; Win64; x64; rv:66.0) Gecko/20100101 Firefox/66.0"
 - - [18/Apr/2019:20:41:06 +0000] "POST / HTTP/1.0" 200 369 "http://ec2-34-203-209-171.compute-1.amazonaws.com/" "Mozilla/5.0 (Windows NT 10.0; Win64; x64; rv:66.0) Gecko/20100101 Firefox/66.0"
 - - [18/Apr/2019:20:44:01 +0000] "POST / HTTP/1.0" 200 198 "http://ec2-34-203-209-171.compute-1.amazonaws.com/" "Mozilla/5.0 (Windows NT 10.0; Win64; x64; rv:66.0) Gecko/20100101 Firefox/66.0"
 - - [18/Apr/2019:20:44:55 +0000] "POST / HTTP/1.0" 200 231 "http://ec2-34-203-209-171.compute-1.amazonaws.com/" "Mozilla/5.0 (Windows NT 10.0; Win64; x64; rv:66.0) Gecko/20100101 Firefox/66.0"
 - - [18/Apr/2019:20:45:09 +0000] "POST / HTTP/1.0" 200 228 "http://ec2-34-203-209-171.compute-1.amazonaws.com/" "Mozilla/5.0 (Windows NT 10.0; Win64; x64; rv:66.0) Gecko/20100101 Firefox/66.0"
 - - [18/Apr/2019:20:45:15 +0000] "GET / HTTP/1.0" 200 268 "-" "Mozilla/5.0 (Windows NT 10.0; Win64; x64) AppleWebKit/537.36 (KHTML, like Gecko) Chrome/73.0.3683.103 Safari/537.36"
 - - [18/Apr/2019:20:45:25 +0000] "POST / HTTP/1.0" 200 231 "http://ec2-34-203-209-171.compute-1.amazonaws.com/" "Mozilla/5.0 (Windows NT 10.0; Win64; x64; rv:66.0) Gecko/20100101 Firefox/66.0"
 - - [18/Apr/2019:20:46:24 +0000] "POST / HTTP/1.0" 200 228 "http://ec2-34-203-209-171.compute-1.amazonaws.com/" "Mozilla/5.0 (Windows NT 10.0; Win64; x64) AppleWebKit/537.36 (KHTML, like Gecko) Chrome/73.0.3683.103 Safari/537.36"
 - - [18/Apr/2019:20:46:28 +0000] "GET / HTTP/1.0" 200 268 "-" "Mozilla/5.0 (Windows NT 10.0; Win64; x64) AppleWebKit/537.36 (KHTML, like Gecko) Chrome/73.0.3683.103 Safari/537.36"
 - - [18/Apr/2019:20:46:41 +0000] "POST / HTTP/1.0" 200 228 "http://ec2-34-203-209-171.compute-1.amazonaws.com/" "Mozilla/5.0 (Windows NT 10.0; Win64; x64) AppleWebKit/537.36 (KHTML, like Gecko) Chrome/73.0.3683.103 Safari/537.36"
 - - [18/Apr/2019:20:46:47 +0000] "GET / HTTP/1.0" 200 268 "-" "Mozilla/5.0 (Windows NT 10.0; Win64; x64) AppleWebKit/537.36 (KHTML, like Gecko) Chrome/73.0.3683.103 Safari/537.36"
 - - [18/Apr/2019:20:47:04 +0000] "POST / HTTP/1.0" 200 252 "http://ec2-34-203-209-171.compute-1.amazonaws.com/" "Mozilla/5.0 (Windows NT 10.0; Win64; x64; rv:66.0) Gecko/20100101 Firefox/66.0"
 - - [18/Apr/2019:20:47:32 +0000] "POST / HTTP/1.0" 200 264 "http://ec2-34-203-209-171.compute-1.amazonaws.com/" "Mozilla/5.0 (Windows NT 10.0; Win64; x64; rv:66.0) Gecko/20100101 Firefox/66.0"
 - - [18/Apr/2019:20:47:41 +0000] "POST / HTTP/1.0" 200 268 "http://ec2-34-203-209-171.compute-1.amazonaws.com/" "Mozilla/5.0 (Windows NT 10.0; Win64; x64) AppleWebKit/537.36 (KHTML, like Gecko) Chrome/73.0.3683.103 Safari/537.36"
 - - [18/Apr/2019:20:48:46 +0000] "POST / HTTP/1.0" 200 288 "http://ec2-34-203-209-171.compute-1.amazonaws.com/" "Mozilla/5.0 (Windows NT 10.0; Win64; x64; rv:66.0) Gecko/20100101 Firefox/66.0"
 - - [18/Apr/2019:20:49:29 +0000] "POST / HTTP/1.0" 200 268 "http://ec2-34-203-209-171.compute-1.amazonaws.com/" "Mozilla/5.0 (Windows NT 10.0; Win64; x64; rv:66.0) Gecko/20100101 Firefox/66.0"
 - - [18/Apr/2019:20:49:37 +0000] "POST / HTTP/1.0" 200 268 "http://ec2-34-203-209-171.compute-1.amazonaws.com/" "Mozilla/5.0 (Windows NT 10.0; Win64; x64; rv:66.0) Gecko/20100101 Firefox/66.0"
 - - [18/Apr/2019:20:49:50 +0000] "POST / HTTP/1.0" 200 228 "http://ec2-34-203-209-171.compute-1.amazonaws.com/" "Mozilla/5.0 (Windows NT 10.0; Win64; x64) AppleWebKit/537.36 (KHTML, like Gecko) Chrome/73.0.3683.103 Safari/537.36"
 - - [18/Apr/2019:20:50:21 +0000] "POST / HTTP/1.0" 200 268 "http://ec2-34-203-209-171.compute-1.amazonaws.com/" "Mozilla/5.0 (Windows NT 10.0; Win64; x64; rv:66.0) Gecko/20100101 Firefox/66.0"
 - - [18/Apr/2019:20:50:21 +0000] "POST / HTTP/1.0" 200 369 "http://ec2-34-203-209-171.compute-1.amazonaws.com/" "Mozilla/5.0 (Windows NT 10.0; Win64; x64) AppleWebKit/537.36 (KHTML, like Gecko) Chrome/73.0.3683.103 Safari/537.36"
 - - [18/Apr/2019:20:50:29 +0000] "POST / HTTP/1.0" 200 268 "http://ec2-34-203-209-171.compute-1.amazonaws.com/" "Mozilla/5.0 (Windows NT 10.0; Win64; x64; rv:66.0) Gecko/20100101 Firefox/66.0"
 - - [18/Apr/2019:20:50:39 +0000] "POST / HTTP/1.0" 200 276 "http://ec2-34-203-209-171.compute-1.amazonaws.com/" "Mozilla/5.0 (Windows NT 10.0; Win64; x64; rv:66.0) Gecko/20100101 Firefox/66.0"
 - - [18/Apr/2019:20:51:09 +0000] "POST / HTTP/1.0" 200 219 "http://ec2-34-203-209-171.compute-1.amazonaws.com/" "Mozilla/5.0 (Windows NT 10.0; Win64; x64) AppleWebKit/537.36 (KHTML, like Gecko) Chrome/73.0.3683.103 Safari/537.36"
 - - [18/Apr/2019:20:51:25 +0000] "POST / HTTP/1.0" 200 219 "http://ec2-34-203-209-171.compute-1.amazonaws.com/" "Mozilla/5.0 (Windows NT 10.0; Win64; x64) AppleWebKit/537.36 (KHTML, like Gecko) Chrome/73.0.3683.103 Safari/537.36"
 - - [18/Apr/2019:20:51:29 +0000] "POST / HTTP/1.0" 200 219 "http://ec2-34-203-209-171.compute-1.amazonaws.com/" "Mozilla/5.0 (Windows NT 10.0; Win64; x64) AppleWebKit/537.36 (KHTML, like Gecko) Chrome/73.0.3683.103 Safari/537.36"
 - - [18/Apr/2019:20:51:32 +0000] "GET / HTTP/1.0" 200 268 "-" "Mozilla/5.0 (Windows NT 10.0; Win64; x64) AppleWebKit/537.36 (KHTML, like Gecko) Chrome/73.0.3683.103 Safari/537.36"
 - - [18/Apr/2019:20:51:40 +0000] "POST / HTTP/1.0" 200 348 "http://ec2-34-203-209-171.compute-1.amazonaws.com/" "Mozilla/5.0 (Windows NT 10.0; Win64; x64; rv:66.0) Gecko/20100101 Firefox/66.0"
 - - [18/Apr/2019:20:51:40 +0000] "POST / HTTP/1.0" 200 315 "http://ec2-34-203-209-171.compute-1.amazonaws.com/" "Mozilla/5.0 (Windows NT 10.0; Win64; x64) AppleWebKit/537.36 (KHTML, like Gecko) Chrome/73.0.3683.103 Safari/537.36"
 - - [18/Apr/2019:20:52:01 +0000] "POST / HTTP/1.0" 200 288 "http://ec2-34-203-209-171.compute-1.amazonaws.com/" "Mozilla/5.0 (Windows NT 10.0; Win64; x64; rv:66.0) Gecko/20100101 Firefox/66.0"
 - - [18/Apr/2019:20:52:15 +0000] "POST / HTTP/1.0" 200 333 "http://ec2-34-203-209-171.compute-1.amazonaws.com/" "Mozilla/5.0 (Windows NT 10.0; Win64; x64; rv:66.0) Gecko/20100101 Firefox/66.0"
 - - [18/Apr/2019:20:52:15 +0000] "GET / HTTP/1.0" 200 268 "-" "Mozilla/5.0 (Windows NT 10.0; Win64; x64) AppleWebKit/537.36 (KHTML, like Gecko) Chrome/73.0.3683.103 Safari/537.36"
 - - [18/Apr/2019:20:52:23 +0000] "POST / HTTP/1.0" 200 345 "http://ec2-34-203-209-171.compute-1.amazonaws.com/" "Mozilla/5.0 (Windows NT 10.0; Win64; x64) AppleWebKit/537.36 (KHTML, like Gecko) Chrome/73.0.3683.103 Safari/537.36"
 - - [18/Apr/2019:20:52:59 +0000] "GET / HTTP/1.0" 200 268 "-" "Mozilla/5.0 (Windows NT 10.0; Win64; x64) AppleWebKit/537.36 (KHTML, like Gecko) Chrome/73.0.3683.103 Safari/537.36"
 - - [18/Apr/2019:20:53:25 +0000] "POST / HTTP/1.0" 200 291 "http://ec2-34-203-209-171.compute-1.amazonaws.com/" "Mozilla/5.0 (Windows NT 10.0; Win64; x64) AppleWebKit/537.36 (KHTML, like Gecko) Chrome/73.0.3683.103 Safari/537.36"
 - - [18/Apr/2019:20:53:49 +0000] "POST / HTTP/1.0" 200 354 "http://ec2-34-203-209-171.compute-1.amazonaws.com/" "Mozilla/5.0 (Windows NT 10.0; Win64; x64; rv:66.0) Gecko/20100101 Firefox/66.0"
 - - [18/Apr/2019:20:53:58 +0000] "GET / HTTP/1.0" 200 268 "-" "Mozilla/5.0 (Windows NT 10.0; Win64; x64) AppleWebKit/537.36 (KHTML, like Gecko) Chrome/73.0.3683.103 Safari/537.36"
 - - [18/Apr/2019:20:54:07 +0000] "POST / HTTP/1.0" 200 282 "http://ec2-34-203-209-171.compute-1.amazonaws.com/" "Mozilla/5.0 (Windows NT 10.0; Win64; x64) AppleWebKit/537.36 (KHTML, like Gecko) Chrome/73.0.3683.103 Safari/537.36"
 - - [18/Apr/2019:20:56:06 +0000] "POST / HTTP/1.0" 200 237 "http://ec2-34-203-209-171.compute-1.amazonaws.com/" "Mozilla/5.0 (Windows NT 10.0; Win64; x64; rv:66.0) Gecko/20100101 Firefox/66.0"
 - - [18/Apr/2019:20:57:41 +0000] "POST / HTTP/1.0" 200 336 "http://ec2-34-203-209-171.compute-1.amazonaws.com/" "Mozilla/5.0 (Windows NT 10.0; Win64; x64; rv:66.0) Gecko/20100101 Firefox/66.0"
 - - [18/Apr/2019:21:00:30 +0000] "GET / HTTP/1.0" 200 268 "-" "Mozilla/5.0 (Windows NT 10.0; Win64; x64) AppleWebKit/537.36 (KHTML, like Gecko) Chrome/73.0.3683.103 Safari/537.36"
 - - [18/Apr/2019:21:01:04 +0000] "POST / HTTP/1.0" 200 435 "http://ec2-34-203-209-171.compute-1.amazonaws.com/" "Mozilla/5.0 (Windows NT 10.0; Win64; x64; rv:66.0) Gecko/20100101 Firefox/66.0"
 - - [18/Apr/2019:21:02:03 +0000] "POST / HTTP/1.0" 200 201 "http://ec2-34-203-209-171.compute-1.amazonaws.com/" "Mozilla/5.0 (Windows NT 10.0; Win64; x64; rv:66.0) Gecko/20100101 Firefox/66.0"
 - - [18/Apr/2019:21:02:44 +0000] "POST / HTTP/1.0" 200 375 "http://ec2-34-203-209-171.compute-1.amazonaws.com/" "Mozilla/5.0 (Windows NT 10.0; Win64; x64; rv:66.0) Gecko/20100101 Firefox/66.0"
 - - [18/Apr/2019:21:04:04 +0000] "POST / HTTP/1.0" 200 268 "http://ec2-34-203-209-171.compute-1.amazonaws.com/" "Mozilla/5.0 (Windows NT 10.0; Win64; x64; rv:66.0) Gecko/20100101 Firefox/66.0"
 - - [18/Apr/2019:21:04:31 +0000] "POST / HTTP/1.0" 200 268 "http://ec2-34-203-209-171.compute-1.amazonaws.com/" "Mozilla/5.0 (Windows NT 10.0; Win64; x64; rv:66.0) Gecko/20100101 Firefox/66.0"
 - - [18/Apr/2019:21:04:32 +0000] "POST / HTTP/1.0" 302 307 "http://ec2-34-203-209-171.compute-1.amazonaws.com/" "Mozilla/5.0 (Windows NT 10.0; Win64; x64; rv:66.0) Gecko/20100101 Firefox/66.0"
 - - [18/Apr/2019:21:04:32 +0000] "GET / HTTP/1.0" 200 268 "http://ec2-34-203-209-171.compute-1.amazonaws.com/" "Mozilla/5.0 (Windows NT 10.0; Win64; x64; rv:66.0) Gecko/20100101 Firefox/66.0"
 - - [18/Apr/2019:21:05:37 +0000] "POST / HTTP/1.0" 200 268 "http://ec2-34-203-209-171.compute-1.amazonaws.com/" "Mozilla/5.0 (Windows NT 10.0; Win64; x64; rv:66.0) Gecko/20100101 Firefox/66.0"
 - - [18/Apr/2019:21:05:37 +0000] "GET /favicon.ico HTTP/1.0" 404 232 "-" "Mozilla/5.0 (Windows NT 10.0; Win64; x64; rv:66.0) Gecko/20100101 Firefox/66.0"
 - - [18/Apr/2019:21:05:37 +0000] "POST / HTTP/1.0" 200 268 "http://ec2-34-203-209-171.compute-1.amazonaws.com/" "Mozilla/5.0 (Windows NT 10.0; Win64; x64) AppleWebKit/537.36 (KHTML, like Gecko) Chrome/73.0.3683.103 Safari/537.36"
 - - [18/Apr/2019:21:06:14 +0000] "POST / HTTP/1.0" 200 207 "http://ec2-34-203-209-171.compute-1.amazonaws.com/" "Mozilla/5.0 (Windows NT 10.0; Win64; x64; rv:66.0) Gecko/20100101 Firefox/66.0"
 - - [18/Apr/2019:21:06:50 +0000] "POST / HTTP/1.0" 200 207 "http://ec2-34-203-209-171.compute-1.amazonaws.com/" "Mozilla/5.0 (Windows NT 10.0; Win64; x64; rv:66.0) Gecko/20100101 Firefox/66.0"
 - - [18/Apr/2019:21:07:11 +0000] "POST / HTTP/1.0" 200 210 "http://ec2-34-203-209-171.compute-1.amazonaws.com/" "Mozilla/5.0 (Windows NT 10.0; Win64; x64; rv:66.0) Gecko/20100101 Firefox/66.0"
 - - [18/Apr/2019:21:09:33 +0000] "POST / HTTP/1.0" 200 268 "http://ec2-34-203-209-171.compute-1.amazonaws.com/" "Mozilla/5.0 (Windows NT 10.0; Win64; x64; rv:66.0) Gecko/20100101 Firefox/66.0"
 - - [18/Apr/2019:21:10:34 +0000] "POST / HTTP/1.0" 200 268 "http://ec2-34-203-209-171.compute-1.amazonaws.com/" "Mozilla/5.0 (Windows NT 10.0; Win64; x64; rv:66.0) Gecko/20100101 Firefox/66.0"
 - - [18/Apr/2019:21:26:02 +0000] "POST / HTTP/1.0" 200 210 "http://ec2-34-203-209-171.compute-1.amazonaws.com/" "Mozilla/5.0 (Windows NT 10.0; Win64; x64; rv:66.0) Gecko/20100101 Firefox/66.0"
 - - [19/Apr/2019:20:50:41 +0000] "GET / HTTP/1.0" 200 268 "-" "Mozilla/5.0 (Windows NT 10.0; Win64; x64) AppleWebKit/537.36 (KHTML, like Gecko) Chrome/73.0.3683.103 Safari/537.36"
 - - [19/Apr/2019:20:51:33 +0000] "GET /favicon.ico HTTP/1.0" 404 232 "http://ec2-34-203-209-171.compute-1.amazonaws.com/" "Mozilla/5.0 (Windows NT 10.0; Win64; x64) AppleWebKit/537.36 (KHTML, like Gecko) Chrome/73.0.3683.103 Safari/537.36"
 - - [19/Apr/2019:20:51:41 +0000] "GET / HTTP/1.0" 200 268 "-" "Mozilla/5.0 (Windows NT 10.0; Win64; x64) AppleWebKit/537.36 (KHTML, like Gecko) Chrome/73.0.3683.103 Safari/537.36"
 - - [19/Apr/2019:20:52:31 +0000] "POST / HTTP/1.0" 200 264 "http://ec2-34-203-209-171.compute-1.amazonaws.com/" "Mozilla/5.0 (Windows NT 10.0; Win64; x64) AppleWebKit/537.36 (KHTML, like Gecko) Chrome/73.0.3683.103 Safari/537.36"
 - - [19/Apr/2019:20:53:03 +0000] "GET / HTTP/1.0" 200 268 "-" "Mozilla/5.0 (Windows NT 10.0; Win64; x64) AppleWebKit/537.36 (KHTML, like Gecko) Chrome/73.0.3683.103 Safari/537.36"
 - - [19/Apr/2019:20:53:10 +0000] "POST / HTTP/1.0" 200 282 "http://ec2-34-203-209-171.compute-1.amazonaws.com/" "Mozilla/5.0 (Windows NT 10.0; Win64; x64) AppleWebKit/537.36 (KHTML, like Gecko) Chrome/73.0.3683.103 Safari/537.36"
 - - [19/Apr/2019:20:54:11 +0000] "GET / HTTP/1.0" 200 268 "-" "Mozilla/5.0 (Macintosh; Intel Mac OS X 10_12_6) AppleWebKit/537.36 (KHTML, like Gecko) Chrome/73.0.3683.103 Safari/537.36"
 - - [19/Apr/2019:20:54:11 +0000] "GET /favicon.ico HTTP/1.0" 404 232 "http://ec2-34-203-209-171.compute-1.amazonaws.com/" "Mozilla/5.0 (Macintosh; Intel Mac OS X 10_12_6) AppleWebKit/537.36 (KHTML, like Gecko) Chrome/73.0.3683.103 Safari/537.36"
 - - [19/Apr/2019:20:58:34 +0000] "POST / HTTP/1.0" 200 216 "http://ec2-34-203-209-171.compute-1.amazonaws.com/" "Mozilla/5.0 (Macintosh; Intel Mac OS X 10_12_6) AppleWebKit/537.36 (KHTML, like Gecko) Chrome/73.0.3683.103 Safari/537.36"
 - - [19/Apr/2019:20:59:11 +0000] "GET / HTTP/1.0" 200 268 "-" "Mozilla/5.0 (Macintosh; Intel Mac OS X 10_12_6) AppleWebKit/537.36 (KHTML, like Gecko) Chrome/73.0.3683.103 Safari/537.36"
 - - [19/Apr/2019:20:59:20 +0000] "POST / HTTP/1.0" 302 307 "http://ec2-34-203-209-171.compute-1.amazonaws.com/" "Mozilla/5.0 (Macintosh; Intel Mac OS X 10_12_6) AppleWebKit/537.36 (KHTML, like Gecko) Chrome/73.0.3683.103 Safari/537.36"
 - - [19/Apr/2019:20:59:20 +0000] "GET / HTTP/1.0" 200 268 "http://ec2-34-203-209-171.compute-1.amazonaws.com/" "Mozilla/5.0 (Macintosh; Intel Mac OS X 10_12_6) AppleWebKit/537.36 (KHTML, like Gecko) Chrome/73.0.3683.103 Safari/537.36"
 - - [19/Apr/2019:20:59:23 +0000] "POST / HTTP/1.0" 302 307 "http://ec2-34-203-209-171.compute-1.amazonaws.com/" "Mozilla/5.0 (Macintosh; Intel Mac OS X 10_12_6) AppleWebKit/537.36 (KHTML, like Gecko) Chrome/73.0.3683.103 Safari/537.36"
 - - [19/Apr/2019:20:59:23 +0000] "GET / HTTP/1.0" 200 268 "http://ec2-34-203-209-171.compute-1.amazonaws.com/" "Mozilla/5.0 (Macintosh; Intel Mac OS X 10_12_6) AppleWebKit/537.36 (KHTML, like Gecko) Chrome/73.0.3683.103 Safari/537.36"
 - - [19/Apr/2019:20:59:23 +0000] "POST / HTTP/1.0" 302 307 "http://ec2-34-203-209-171.compute-1.amazonaws.com/" "Mozilla/5.0 (Macintosh; Intel Mac OS X 10_12_6) AppleWebKit/537.36 (KHTML, like Gecko) Chrome/73.0.3683.103 Safari/537.36"
 - - [19/Apr/2019:20:59:23 +0000] "GET / HTTP/1.0" 200 268 "http://ec2-34-203-209-171.compute-1.amazonaws.com/" "Mozilla/5.0 (Macintosh; Intel Mac OS X 10_12_6) AppleWebKit/537.36 (KHTML, like Gecko) Chrome/73.0.3683.103 Safari/537.36"
 - - [19/Apr/2019:20:59:24 +0000] "POST / HTTP/1.0" 302 307 "http://ec2-34-203-209-171.compute-1.amazonaws.com/" "Mozilla/5.0 (Macintosh; Intel Mac OS X 10_12_6) AppleWebKit/537.36 (KHTML, like Gecko) Chrome/73.0.3683.103 Safari/537.36"
 - - [19/Apr/2019:20:59:24 +0000] "GET / HTTP/1.0" 200 268 "http://ec2-34-203-209-171.compute-1.amazonaws.com/" "Mozilla/5.0 (Macintosh; Intel Mac OS X 10_12_6) AppleWebKit/537.36 (KHTML, like Gecko) Chrome/73.0.3683.103 Safari/537.36"
 - - [19/Apr/2019:20:59:24 +0000] "POST / HTTP/1.0" 302 307 "http://ec2-34-203-209-171.compute-1.amazonaws.com/" "Mozilla/5.0 (Macintosh; Intel Mac OS X 10_12_6) AppleWebKit/537.36 (KHTML, like Gecko) Chrome/73.0.3683.103 Safari/537.36"
 - - [19/Apr/2019:20:59:25 +0000] "GET / HTTP/1.0" 200 268 "http://ec2-34-203-209-171.compute-1.amazonaws.com/" "Mozilla/5.0 (Macintosh; Intel Mac OS X 10_12_6) AppleWebKit/537.36 (KHTML, like Gecko) Chrome/73.0.3683.103 Safari/537.36"
 - - [19/Apr/2019:20:59:25 +0000] "POST / HTTP/1.0" 302 307 "http://ec2-34-203-209-171.compute-1.amazonaws.com/" "Mozilla/5.0 (Macintosh; Intel Mac OS X 10_12_6) AppleWebKit/537.36 (KHTML, like Gecko) Chrome/73.0.3683.103 Safari/537.36"
 - - [19/Apr/2019:20:59:26 +0000] "GET / HTTP/1.0" 200 268 "http://ec2-34-203-209-171.compute-1.amazonaws.com/" "Mozilla/5.0 (Macintosh; Intel Mac OS X 10_12_6) AppleWebKit/537.36 (KHTML, like Gecko) Chrome/73.0.3683.103 Safari/537.36"
 - - [19/Apr/2019:20:59:31 +0000] "POST / HTTP/1.0" 200 216 "http://ec2-34-203-209-171.compute-1.amazonaws.com/" "Mozilla/5.0 (Macintosh; Intel Mac OS X 10_12_6) AppleWebKit/537.36 (KHTML, like Gecko) Chrome/73.0.3683.103 Safari/537.36"
 - - [19/Apr/2019:20:59:59 +0000] "GET / HTTP/1.0" 200 268 "http://ec2-34-203-209-171.compute-1.amazonaws.com/" "Mozilla/5.0 (Macintosh; Intel Mac OS X 10_12_6) AppleWebKit/537.36 (KHTML, like Gecko) Chrome/73.0.3683.103 Safari/537.36"
 - - [19/Apr/2019:21:00:09 +0000] "POST / HTTP/1.0" 200 219 "http://ec2-34-203-209-171.compute-1.amazonaws.com/" "Mozilla/5.0 (Macintosh; Intel Mac OS X 10_12_6) AppleWebKit/537.36 (KHTML, like Gecko) Chrome/73.0.3683.103 Safari/537.36"
 - - [19/Apr/2019:21:03:26 +0000] "GET / HTTP/1.0" 200 268 "http://ec2-34-203-209-171.compute-1.amazonaws.com/" "Mozilla/5.0 (Macintosh; Intel Mac OS X 10_12_6) AppleWebKit/537.36 (KHTML, like Gecko) Chrome/73.0.3683.103 Safari/537.36"
 - - [19/Apr/2019:21:03:35 +0000] "POST / HTTP/1.0" 200 249 "http://ec2-34-203-209-171.compute-1.amazonaws.com/" "Mozilla/5.0 (Macintosh; Intel Mac OS X 10_12_6) AppleWebKit/537.36 (KHTML, like Gecko) Chrome/73.0.3683.103 Safari/537.36"
 - - [19/Apr/2019:21:04:18 +0000] "POST / HTTP/1.0" 200 249 "http://ec2-34-203-209-171.compute-1.amazonaws.com/" "Mozilla/5.0 (Macintosh; Intel Mac OS X 10_12_6) AppleWebKit/537.36 (KHTML, like Gecko) Chrome/73.0.3683.103 Safari/537.36"
 - - [19/Apr/2019:21:04:19 +0000] "GET / HTTP/1.0" 200 268 "http://ec2-34-203-209-171.compute-1.amazonaws.com/" "Mozilla/5.0 (Macintosh; Intel Mac OS X 10_12_6) AppleWebKit/537.36 (KHTML, like Gecko) Chrome/73.0.3683.103 Safari/537.36"
 - - [19/Apr/2019:21:06:44 +0000] "POST / HTTP/1.0" 200 216 "http://ec2-34-203-209-171.compute-1.amazonaws.com/" "Mozilla/5.0 (Macintosh; Intel Mac OS X 10_12_6) AppleWebKit/537.36 (KHTML, like Gecko) Chrome/73.0.3683.103 Safari/537.36"
 - - [19/Apr/2019:21:07:56 +0000] "GET / HTTP/1.0" 200 268 "http://ec2-34-203-209-171.compute-1.amazonaws.com/" "Mozilla/5.0 (Macintosh; Intel Mac OS X 10_12_6) AppleWebKit/537.36 (KHTML, like Gecko) Chrome/73.0.3683.103 Safari/537.36"
 - - [19/Apr/2019:21:08:05 +0000] "GET / HTTP/1.0" 200 268 "-" "Mozilla/5.0 (Windows NT 10.0; Win64; x64) AppleWebKit/537.36 (KHTML, like Gecko) Chrome/73.0.3683.103 Safari/537.36"
 - - [19/Apr/2019:21:08:12 +0000] "POST / HTTP/1.0" 200 282 "http://ec2-34-203-209-171.compute-1.amazonaws.com/" "Mozilla/5.0 (Windows NT 10.0; Win64; x64) AppleWebKit/537.36 (KHTML, like Gecko) Chrome/73.0.3683.103 Safari/537.36"
 - - [19/Apr/2019:21:08:14 +0000] "POST / HTTP/1.0" 200 290 "http://ec2-34-203-209-171.compute-1.amazonaws.com/" "Mozilla/5.0 (Macintosh; Intel Mac OS X 10_12_6) AppleWebKit/537.36 (KHTML, like Gecko) Chrome/73.0.3683.103 Safari/537.36"
 - - [19/Apr/2019:21:08:17 +0000] "GET / HTTP/1.0" 200 268 "http://ec2-34-203-209-171.compute-1.amazonaws.com/" "Mozilla/5.0 (Macintosh; Intel Mac OS X 10_12_6) AppleWebKit/537.36 (KHTML, like Gecko) Chrome/73.0.3683.103 Safari/537.36"
 - - [19/Apr/2019:21:08:24 +0000] "POST / HTTP/1.0" 200 264 "http://ec2-34-203-209-171.compute-1.amazonaws.com/" "Mozilla/5.0 (Macintosh; Intel Mac OS X 10_12_6) AppleWebKit/537.36 (KHTML, like Gecko) Chrome/73.0.3683.103 Safari/537.36"
 - - [19/Apr/2019:21:12:45 +0000] "GET / HTTP/1.0" 200 268 "http://ec2-34-203-209-171.compute-1.amazonaws.com/" "Mozilla/5.0 (Macintosh; Intel Mac OS X 10_12_6) AppleWebKit/537.36 (KHTML, like Gecko) Chrome/73.0.3683.103 Safari/537.36"
 - - [19/Apr/2019:21:13:00 +0000] "POST / HTTP/1.0" 200 258 "http://ec2-34-203-209-171.compute-1.amazonaws.com/" "Mozilla/5.0 (Macintosh; Intel Mac OS X 10_12_6) AppleWebKit/537.36 (KHTML, like Gecko) Chrome/73.0.3683.103 Safari/537.36"
 - - [20/Apr/2019:21:33:53 +0000] "POST / HTTP/1.0" 200 258 "http://ec2-34-203-209-171.compute-1.amazonaws.com/" "Mozilla/5.0 (Macintosh; Intel Mac OS X 10_12_6) AppleWebKit/537.36 (KHTML, like Gecko) Chrome/73.0.3683.103 Safari/537.36"
 - - [20/Apr/2019:21:33:59 +0000] "GET / HTTP/1.0" 200 268 "-" "Mozilla/5.0 (Macintosh; Intel Mac OS X 10_12_6) AppleWebKit/537.36 (KHTML, like Gecko) Chrome/73.0.3683.103 Safari/537.36"
 - - [20/Apr/2019:21:34:19 +0000] "POST / HTTP/1.0" 200 216 "http://ec2-34-203-209-171.compute-1.amazonaws.com/" "Mozilla/5.0 (Macintosh; Intel Mac OS X 10_12_6) AppleWebKit/537.36 (KHTML, like Gecko) Chrome/73.0.3683.103 Safari/537.36"
 - - [20/Apr/2019:21:34:38 +0000] "GET / HTTP/1.0" 200 268 "-" "Mozilla/5.0 (Macintosh; Intel Mac OS X 10_12_6) AppleWebKit/537.36 (KHTML, like Gecko) Chrome/73.0.3683.103 Safari/537.36"
 - - [20/Apr/2019:21:34:47 +0000] "POST / HTTP/1.0" 200 258 "http://ec2-34-203-209-171.compute-1.amazonaws.com/" "Mozilla/5.0 (Macintosh; Intel Mac OS X 10_12_6) AppleWebKit/537.36 (KHTML, like Gecko) Chrome/73.0.3683.103 Safari/537.36"
 - - [20/Apr/2019:21:36:43 +0000] "GET / HTTP/1.0" 200 268 "-" "Mozilla/5.0 (Macintosh; Intel Mac OS X 10_12_6) AppleWebKit/537.36 (KHTML, like Gecko) Chrome/73.0.3683.103 Safari/537.36"
 - - [20/Apr/2019:21:37:01 +0000] "POST / HTTP/1.0" 200 216 "http://ec2-34-203-209-171.compute-1.amazonaws.com/" "Mozilla/5.0 (Macintosh; Intel Mac OS X 10_12_6) AppleWebKit/537.36 (KHTML, like Gecko) Chrome/73.0.3683.103 Safari/537.36"
 - - [21/Apr/2019:01:38:26 +0000] "GET / HTTP/1.0" 200 268 "-" "Mozilla/5.0 (Macintosh; Intel Mac OS X 10.11; rv:47.0) Gecko/20100101 Firefox/47.0"
 - - [22/Apr/2019:18:43:08 +0000] "GET / HTTP/1.0" 200 268 "-" "Mozilla/5.0 (Windows NT 10.0; Win64; x64) AppleWebKit/537.36 (KHTML, like Gecko) Chrome/73.0.3683.103 Safari/537.36"
 - - [22/Apr/2019:18:43:08 +0000] "GET /favicon.ico HTTP/1.0" 404 232 "http://ec2-34-203-209-171.compute-1.amazonaws.com/" "Mozilla/5.0 (Windows NT 10.0; Win64; x64) AppleWebKit/537.36 (KHTML, like Gecko) Chrome/73.0.3683.103 Safari/537.36"
 - - [25/Apr/2019:20:21:28 +0000] "GET / HTTP/1.0" 200 268 "-" "Mozilla/5.0 (Windows NT 10.0; Win64; x64) AppleWebKit/537.36 (KHTML, like Gecko) Chrome/73.0.3683.103 Safari/537.36"
 - - [25/Apr/2019:20:21:28 +0000] "GET /favicon.ico HTTP/1.0" 404 232 "http://ec2-34-203-209-171.compute-1.amazonaws.com/" "Mozilla/5.0 (Windows NT 10.0; Win64; x64) AppleWebKit/537.36 (KHTML, like Gecko) Chrome/73.0.3683.103 Safari/537.36"
 - - [25/Apr/2019:21:11:37 +0000] "GET / HTTP/1.0" 200 268 "-" "Mozilla/5.0 (Windows NT 10.0; Win64; x64; rv:66.0) Gecko/20100101 Firefox/66.0"
 - - [25/Apr/2019:21:14:01 +0000] "POST / HTTP/1.0" 200 268 "http://ec2-34-203-209-171.compute-1.amazonaws.com/" "Mozilla/5.0 (Windows NT 10.0; Win64; x64; rv:66.0) Gecko/20100101 Firefox/66.0"
 - - [25/Apr/2019:21:14:56 +0000] "POST / HTTP/1.0" 200 207 "http://ec2-34-203-209-171.compute-1.amazonaws.com/" "Mozilla/5.0 (Windows NT 10.0; Win64; x64; rv:66.0) Gecko/20100101 Firefox/66.0"
 - - [25/Apr/2019:22:57:43 +0000] "GET / HTTP/1.0" 200 268 "-" "Mozilla/5.0 (iPhone; CPU iPhone OS 12_2 like Mac OS X) AppleWebKit/605.1.15 (KHTML, like Gecko) Version/12.1 Mobile/15E148 Safari/604.1"
 - - [25/Apr/2019:22:57:45 +0000] "GET / HTTP/1.0" 200 268 "-" "Mozilla/5.0 (iPhone; CPU iPhone OS 12_2 like Mac OS X) AppleWebKit/605.1.15 (KHTML, like Gecko) Version/12.1 Mobile/15E148 Safari/604.1"
 - - [25/Apr/2019:22:57:46 +0000] "GET /favicon.ico HTTP/1.0" 404 232 "http://ec2-34-203-209-171.compute-1.amazonaws.com/" "Mozilla/5.0 (iPhone; CPU iPhone OS 12_2 like Mac OS X) AppleWebKit/605.1.15 (KHTML, like Gecko) Version/12.1 Mobile/15E148 Safari/604.1"
 - - [25/Apr/2019:22:58:42 +0000] "GET / HTTP/1.0" 200 268 "-" "Mozilla/5.0 (iPhone; CPU iPhone OS 12_2 like Mac OS X) AppleWebKit/605.1.15 (KHTML, like Gecko) Version/12.1 Mobile/15E148 Safari/604.1"
 - - [25/Apr/2019:22:58:50 +0000] "POST / HTTP/1.0" 200 300 "http://ec2-34-203-209-171.compute-1.amazonaws.com/" "Mozilla/5.0 (iPhone; CPU iPhone OS 12_2 like Mac OS X) AppleWebKit/605.1.15 (KHTML, like Gecko) Version/12.1 Mobile/15E148 Safari/604.1"
 - - [26/Apr/2019:20:00:36 +0000] "GET / HTTP/1.0" 200 268 "-" "Mozilla/5.0 (iPhone; CPU iPhone OS 12_2 like Mac OS X) AppleWebKit/605.1.15 (KHTML, like Gecko) Version/12.1 Mobile/15E148 Safari/604.1"
 - - [26/Apr/2019:20:22:35 +0000] "GET / HTTP/1.0" 200 268 "-" "Mozilla/5.0 (Windows NT 10.0; Win64; x64) AppleWebKit/537.36 (KHTML, like Gecko) Chrome/73.0.3683.103 Safari/537.36"
 - - [26/Apr/2019:20:22:35 +0000] "GET /favicon.ico HTTP/1.0" 404 232 "http://ec2-34-203-209-171.compute-1.amazonaws.com/" "Mozilla/5.0 (Windows NT 10.0; Win64; x64) AppleWebKit/537.36 (KHTML, like Gecko) Chrome/73.0.3683.103 Safari/537.36"
 - - [26/Apr/2019:20:22:48 +0000] "POST / HTTP/1.0" 200 210 "http://ec2-34-203-209-171.compute-1.amazonaws.com/" "Mozilla/5.0 (Windows NT 10.0; Win64; x64) AppleWebKit/537.36 (KHTML, like Gecko) Chrome/73.0.3683.103 Safari/537.36"
